Determining if the pthread_create exist failed with the following output:
Change Dir: /home/guanxiong/Desktop/CSC418/a4/build_release/CMakeFiles/CMakeTmp

Run Build Command:"/usr/bin/make" "cmTC_8f24a/fast"
/usr/bin/make -f CMakeFiles/cmTC_8f24a.dir/build.make CMakeFiles/cmTC_8f24a.dir/build
make[1]: Entering directory '/home/guanxiong/Desktop/CSC418/a4/build_release/CMakeFiles/CMakeTmp'
Building C object CMakeFiles/cmTC_8f24a.dir/CheckSymbolExists.c.o
/usr/bin/cc   -fPIC    -o CMakeFiles/cmTC_8f24a.dir/CheckSymbolExists.c.o   -c /home/guanxiong/Desktop/CSC418/a4/build_release/CMakeFiles/CMakeTmp/CheckSymbolExists.c
Linking C executable cmTC_8f24a
/usr/bin/cmake -E cmake_link_script CMakeFiles/cmTC_8f24a.dir/link.txt --verbose=1
/usr/bin/cc  -fPIC     -rdynamic CMakeFiles/cmTC_8f24a.dir/CheckSymbolExists.c.o  -o cmTC_8f24a 
CMakeFiles/cmTC_8f24a.dir/CheckSymbolExists.c.o: In function `main':
CheckSymbolExists.c:(.text+0x1b): undefined reference to `pthread_create'
collect2: error: ld returned 1 exit status
CMakeFiles/cmTC_8f24a.dir/build.make:97: recipe for target 'cmTC_8f24a' failed
make[1]: *** [cmTC_8f24a] Error 1
make[1]: Leaving directory '/home/guanxiong/Desktop/CSC418/a4/build_release/CMakeFiles/CMakeTmp'
Makefile:126: recipe for target 'cmTC_8f24a/fast' failed
make: *** [cmTC_8f24a/fast] Error 2

File /home/guanxiong/Desktop/CSC418/a4/build_release/CMakeFiles/CMakeTmp/CheckSymbolExists.c:
/* */
#include <pthread.h>

int main(int argc, char** argv)
{
  (void)argv;
#ifndef pthread_create
  return ((int*)(&pthread_create))[argc];
#else
  (void)argc;
  return 0;
#endif
}

Determining if the function pthread_create exists in the pthreads failed with the following output:
Change Dir: /home/guanxiong/Desktop/CSC418/a4/build_release/CMakeFiles/CMakeTmp

Run Build Command:"/usr/bin/make" "cmTC_64b34/fast"
/usr/bin/make -f CMakeFiles/cmTC_64b34.dir/build.make CMakeFiles/cmTC_64b34.dir/build
make[1]: Entering directory '/home/guanxiong/Desktop/CSC418/a4/build_release/CMakeFiles/CMakeTmp'
Building C object CMakeFiles/cmTC_64b34.dir/CheckFunctionExists.c.o
/usr/bin/cc   -fPIC -DCHECK_FUNCTION_EXISTS=pthread_create   -o CMakeFiles/cmTC_64b34.dir/CheckFunctionExists.c.o   -c /usr/share/cmake-3.10/Modules/CheckFunctionExists.c
Linking C executable cmTC_64b34
/usr/bin/cmake -E cmake_link_script CMakeFiles/cmTC_64b34.dir/link.txt --verbose=1
/usr/bin/cc  -fPIC -DCHECK_FUNCTION_EXISTS=pthread_create    -rdynamic CMakeFiles/cmTC_64b34.dir/CheckFunctionExists.c.o  -o cmTC_64b34 -lpthreads 
/usr/bin/ld: cannot find -lpthreads
collect2: error: ld returned 1 exit status
CMakeFiles/cmTC_64b34.dir/build.make:97: recipe for target 'cmTC_64b34' failed
make[1]: *** [cmTC_64b34] Error 1
make[1]: Leaving directory '/home/guanxiong/Desktop/CSC418/a4/build_release/CMakeFiles/CMakeTmp'
Makefile:126: recipe for target 'cmTC_64b34/fast' failed
make: *** [cmTC_64b34/fast] Error 2


